C51 COMPILER V9.00   TIMER_1                                                               03/26/2020 11:18:01 PAGE 1   


C51 COMPILER V9.00, COMPILATION OF MODULE TIMER_1
OBJECT MODULE PLACED IN timer_1.OBJ
COMPILER INVOKED BY: E:\keil51单片机\C51\BIN\C51.EXE timer_1.c BROWSE DEBUG OBJECTEXTEND

line level    source

   1          #include<reg51.h>
   2                  sbit    pulse_out=P1^0; /*定义脉冲输出位*/
   3                  void   T0_int()  interrupt   1   /*中断服务程序*/
   4                      {
   5   1                         TH0=(65536-10000)/256;                       /*重装计数初值*/
   6   1                         TL0=(65536-10000)%256;
   7   1                         pulse_out=~pulse_out;        /*脉冲输出位取反*/                              
   8   1                  }
   9          
  10          main()   
  11                     {
  12   1                      TMOD=0x01;      /* T0定时方式1*/
  13   1                      TH0=(65536-10000)/256;  /*装入计数初值*/
  14   1                      TL0=(65536-10000)%256;
  15   1                      EA=1;           /*开总中断*/
  16   1              ET0=1;  /*T0开中断*/
  17   1                      TR0=1;  /*启动定时器T0*/
  18   1                      while(1);       /*等待中断*/
  19   1                  }


MODULE INFORMATION:   STATIC OVERLAYABLE
   CODE SIZE        =     26    ----
   CONSTANT SIZE    =   ----    ----
   XDATA SIZE       =   ----    ----
   PDATA SIZE       =   ----    ----
   DATA SIZE        =   ----    ----
   IDATA SIZE       =   ----    ----
   BIT SIZE         =   ----    ----
END OF MODULE INFORMATION.


C51 COMPILATION COMPLETE.  0 WARNING(S),  0 ERROR(S)
