C51 COMPILER V9.00   TUO_ZHAN_6_12                                                         04/04/2020 16:37:04 PAGE 1   


C51 COMPILER V9.00, COMPILATION OF MODULE TUO_ZHAN_6_12
OBJECT MODULE PLACED IN tuo_zhan_6_12.OBJ
COMPILER INVOKED BY: E:\keil51单片机\C51\BIN\C51.EXE tuo_zhan_6_12.c BROWSE DEBUG OBJECTEXTEND

line level    source

   1          #include<reg51.h>
   2          sbit p_out=P1^0;
   3          /*定时器T1初始化程序*/
   4          void timer()
   5                  {
   6   1               TMOD=0x25;/*T1计时方式2,T0计数方式1*/
   7   1               TH0=0xFF;
   8   1               TL0=0xFF;/*定时器赋初值*/
   9   1               TH1=6;
  10   1               TL1=6;/*计数器赋初值*/
  11   1               IE=0x8A;/*打开中断*/
  12   1               TR0=1;/*启动计数器T0*/
  13   1              }
  14          void t0_int() interrupt 1
  15                  {
  16   1               TR0=0;
  17   1               TR1=1;
  18   1              }
  19          void t1_int() interrupt 3
  20                  {
  21   1               p_out=~p_out;
  22   1              }
  23          main()
  24                  {
  25   1               timer();
  26   1               while(1);
  27   1              
  28   1              }
  29          


MODULE INFORMATION:   STATIC OVERLAYABLE
   CODE SIZE        =     34    ----
   CONSTANT SIZE    =   ----    ----
   XDATA SIZE       =   ----    ----
   PDATA SIZE       =   ----    ----
   DATA SIZE        =   ----    ----
   IDATA SIZE       =   ----    ----
   BIT SIZE         =   ----    ----
END OF MODULE INFORMATION.


C51 COMPILATION COMPLETE.  0 WARNING(S),  0 ERROR(S)
