C51 COMPILER V9.00   WANG_LUO_1                                                            03/26/2020 13:25:48 PAGE 1   


C51 COMPILER V9.00, COMPILATION OF MODULE WANG_LUO_1
OBJECT MODULE PLACED IN wang_luo_1.OBJ
COMPILER INVOKED BY: E:\keil51单片机\C51\BIN\C51.EXE wang_luo_1.c BROWSE DEBUG OBJECTEXTEND

line level    source

   1          #include<reg51.h>
   2          
   3          void delay(void)//循环间隔时间
   4          
   5          {
   6   1      
   7   1          unsigned char m,n,s;
   8   1      
   9   1              for(m=20;m>0;m--)
  10   1      
  11   1              {
  12   2      
  13   2                  for(n=20;n>0;n--)
  14   2      
  15   2                      { for(s=248;s>0;s--);}
  16   2      
  17   2                      }
  18   1      
  19   1              }
  20          
  21               
  22          
  23          main()
  24          
  25            { 
  26   1      
  27   1                  unsigned char i,a,b,temp;
  28   1      
  29   1               while(1)
  30   1      
  31   1                {
  32   2      
  33   2                          temp=0xfe;
  34   2      
  35   2                      P0=temp;
  36   2      
  37   2                          delay();
  38   2      
  39   2                 
  40   2      
  41   2                               
  42   2      
  43   2          
  44   2      
  45   2                  for(i=1;i<8;i++)
  46   2      
  47   2                    {
  48   3      
  49   3                               a=temp<<i;
  50   3      
  51   3                               b=temp>>(8-i);
  52   3      
  53   3                               P0=a|b;
  54   3      
  55   3                               delay();
C51 COMPILER V9.00   WANG_LUO_1                                                            03/26/2020 13:25:48 PAGE 2   

  56   3      
  57   3                        }      //从左往右循环
  58   2      
  59   2               
  60   2      
  61   2               }
  62   1      
  63   1       }


MODULE INFORMATION:   STATIC OVERLAYABLE
   CODE SIZE        =     61    ----
   CONSTANT SIZE    =   ----    ----
   XDATA SIZE       =   ----    ----
   PDATA SIZE       =   ----    ----
   DATA SIZE        =   ----    ----
   IDATA SIZE       =   ----    ----
   BIT SIZE         =   ----    ----
END OF MODULE INFORMATION.


C51 COMPILATION COMPLETE.  0 WARNING(S),  0 ERROR(S)
